<?xml version="1.0" encoding="UTF-8"?>
<!-- Generated by org.testng.reporters.JUnitReportReporter -->
<testsuite hostname="DESKTOP-KR2Q3EV" failures="0" tests="1" name="tests.SendKeysWithoutUsingSendKeys" time="18.376" errors="0" timestamp="2024-10-20T23:15:55 IST" skipped="0">
  <testcase classname="tests.SendKeysWithoutUsingSendKeys" name="clickCheackBoxOfSelenium" time="18.376"/>
  <system-out/>
</testsuite> <!-- tests.SendKeysWithoutUsingSendKeys -->
