<?xml version="1.0" encoding="UTF-8"?>
<!-- Generated by org.testng.reporters.JUnitReportReporter -->
<testsuite hostname="DESKTOP-KR2Q3EV" failures="0" tests="4" name="runner.RunnerClass1" time="59.290" errors="0" timestamp="2025-08-02T15:25:45 IST" skipped="0">
  <testcase classname="runner.RunnerClass1" name="runScenario" time="20.250"/>
  <system-out/>
  <testcase classname="runner.RunnerClass1" name="runScenario" time="13.634"/>
  <system-out/>
  <testcase classname="runner.RunnerClass1" name="runScenario" time="12.771"/>
  <system-out/>
  <testcase classname="runner.RunnerClass1" name="runScenario" time="12.635"/>
  <system-out/>
</testsuite> <!-- runner.RunnerClass1 -->
