<?xml version="1.0" encoding="UTF-8"?>
<!-- Generated by org.testng.reporters.JUnitReportReporter -->
<testsuite hostname="DESKTOP-KR2Q3EV" failures="0" tests="4" name="runner.RunnerClass1" time="57.589" errors="0" timestamp="2025-08-03T01:53:48 IST" skipped="0">
  <testcase classname="runner.RunnerClass1" name="runScenario" time="16.420"/>
  <system-out/>
  <testcase classname="runner.RunnerClass1" name="runScenario" time="12.023"/>
  <system-out/>
  <testcase classname="runner.RunnerClass1" name="runScenario" time="16.722"/>
  <system-out/>
  <testcase classname="runner.RunnerClass1" name="runScenario" time="12.424"/>
  <system-out/>
</testsuite> <!-- runner.RunnerClass1 -->
