<?xml version="1.0" encoding="UTF-8"?>
<!-- Generated by org.testng.reporters.JUnitReportReporter -->
<testsuite hostname="DESKTOP-KR2Q3EV" failures="0" tests="4" name="runner.RunnerClass1" time="149.917" errors="0" timestamp="2025-08-03T01:12:58 IST" skipped="0">
  <testcase classname="runner.RunnerClass1" name="runScenario" time="37.049"/>
  <system-out/>
  <testcase classname="runner.RunnerClass1" name="runScenario" time="37.511"/>
  <system-out/>
  <testcase classname="runner.RunnerClass1" name="runScenario" time="37.377"/>
  <system-out/>
  <testcase classname="runner.RunnerClass1" name="runScenario" time="37.980"/>
  <system-out/>
</testsuite> <!-- runner.RunnerClass1 -->
