<?xml version="1.0" encoding="UTF-8"?>
<!-- Generated by org.testng.reporters.JUnitReportReporter -->
<testsuite hostname="DESKTOP-KR2Q3EV" failures="0" tests="4" name="runner.RunnerClass1" time="50.597" errors="0" timestamp="2025-08-02T16:42:38 IST" skipped="0">
  <testcase classname="runner.RunnerClass1" name="runScenario" time="12.127"/>
  <system-out/>
  <testcase classname="runner.RunnerClass1" name="runScenario" time="11.277"/>
  <system-out/>
  <testcase classname="runner.RunnerClass1" name="runScenario" time="15.119"/>
  <system-out/>
  <testcase classname="runner.RunnerClass1" name="runScenario" time="12.074"/>
  <system-out/>
</testsuite> <!-- runner.RunnerClass1 -->
