<?xml version="1.0" encoding="UTF-8"?>
<!-- Generated by org.testng.reporters.JUnitReportReporter -->
<testsuite hostname="DESKTOP-KR2Q3EV" failures="0" tests="1" name="runner.RunnerClass1" time="23.251" errors="0" timestamp="2025-07-02T00:16:44 IST" skipped="0">
  <testcase classname="runner.RunnerClass1" name="runScenario" time="23.251"/>
  <system-out/>
</testsuite> <!-- runner.RunnerClass1 -->
