<?xml version="1.0" encoding="UTF-8"?>
<!-- Generated by org.testng.reporters.JUnitReportReporter -->
<testsuite hostname="DESKTOP-KR2Q3EV" failures="0" tests="4" name="runner.RunnerClass1" time="58.121" errors="0" timestamp="2025-08-02T16:24:41 IST" skipped="0">
  <testcase classname="runner.RunnerClass1" name="runScenario" time="20.425"/>
  <system-out/>
  <testcase classname="runner.RunnerClass1" name="runScenario" time="12.260"/>
  <system-out/>
  <testcase classname="runner.RunnerClass1" name="runScenario" time="11.923"/>
  <system-out/>
  <testcase classname="runner.RunnerClass1" name="runScenario" time="13.513"/>
  <system-out/>
</testsuite> <!-- runner.RunnerClass1 -->
